2024-09-10 16:28:50,531 - root - INFO - Dataframe shape: (891, 12)
2024-09-10 16:29:56,038 - root - INFO - Dataframe shape: (891, 12)
2024-09-12 14:52:03,607 - root - INFO - Dataframe shape: (891, 12)
2024-09-12 14:52:03,616 - root - INFO - Dataframe shape: (891, 12)
2024-09-12 14:52:03,616 - root - INFO - Dataframe columns: Index(['PassengerId', 'Survived', 'Pclass', 'Name', 'Sex', 'Age', 'SibSp',
       'Parch', 'Ticket', 'Fare', 'Cabin', 'Embarked'],
      dtype='object')
2024-09-12 14:52:03,623 - root - INFO - Dataframe info: None
2024-09-12 14:52:03,638 - root - INFO - Dataframe describe:        PassengerId    Survived      Pclass         Age       SibSp  \
count   891.000000  891.000000  891.000000  714.000000  891.000000   
mean    446.000000    0.383838    2.308642   29.699118    0.523008   
std     257.353842    0.486592    0.836071   14.526497    1.102743   
min       1.000000    0.000000    1.000000    0.420000    0.000000   
25%     223.500000    0.000000    2.000000   20.125000    0.000000   
50%     446.000000    0.000000    3.000000   28.000000    0.000000   
75%     668.500000    1.000000    3.000000   38.000000    1.000000   
max     891.000000    1.000000    3.000000   80.000000    8.000000   

            Parch        Fare  
count  891.000000  891.000000  
mean     0.381594   32.204208  
std      0.806057   49.693429  
min      0.000000    0.000000  
25%      0.000000    7.910400  
50%      0.000000   14.454200  
75%      0.000000   31.000000  
max      6.000000  512.329200  
2024-09-12 14:52:03,644 - root - INFO - Dataframe head:    PassengerId  Survived  Pclass  \
0            1         0       3   
1            2         1       1   
2            3         1       3   
3            4         1       1   
4            5         0       3   

                                                Name     Sex   Age  SibSp  \
0                            Braund, Mr. Owen Harris    male  22.0      1   
1  Cumings, Mrs. John Bradley (Florence Briggs Th...  female  38.0      1   
2                             Heikkinen, Miss. Laina  female  26.0      0   
3       Futrelle, Mrs. Jacques Heath (Lily May Peel)  female  35.0      1   
4                           Allen, Mr. William Henry    male  35.0      0   

   Parch            Ticket     Fare Cabin Embarked  
0      0         A/5 21171   7.2500   NaN        S  
1      0          PC 17599  71.2833   C85        C  
2      0  STON/O2. 3101282   7.9250   NaN        S  
3      0            113803  53.1000  C123        S  
4      0            373450   8.0500   NaN        S  
2024-09-12 14:52:03,648 - root - INFO - Dataframe tail:      PassengerId  Survived  Pclass                                      Name  \
886          887         0       2                     Montvila, Rev. Juozas   
887          888         1       1              Graham, Miss. Margaret Edith   
888          889         0       3  Johnston, Miss. Catherine Helen "Carrie"   
889          890         1       1                     Behr, Mr. Karl Howell   
890          891         0       3                       Dooley, Mr. Patrick   

        Sex   Age  SibSp  Parch      Ticket   Fare Cabin Embarked  
886    male  27.0      0      0      211536  13.00   NaN        S  
887  female  19.0      0      0      112053  30.00   B42        S  
888  female   NaN      1      2  W./C. 6607  23.45   NaN        S  
889    male  26.0      0      0      111369  30.00  C148        C  
890    male  32.0      0      0      370376   7.75   NaN        Q  
2024-09-12 14:52:03,649 - root - INFO - Dataframe null values: PassengerId      0
Survived         0
Pclass           0
Name             0
Sex              0
Age            177
SibSp            0
Parch            0
Ticket           0
Fare             0
Cabin          687
Embarked         2
dtype: int64
2024-09-12 14:52:03,651 - root - INFO - Dataframe duplicated values: 0
2024-09-12 15:10:11,126 - root - INFO - Dataframe shape: (891, 12)
2024-09-12 15:10:11,138 - root - INFO - Dataframe shape: (891, 12)
2024-09-12 15:10:11,139 - root - INFO - Dataframe columns: Index(['PassengerId', 'Survived', 'Pclass', 'Name', 'Sex', 'Age', 'SibSp',
       'Parch', 'Ticket', 'Fare', 'Cabin', 'Embarked'],
      dtype='object')
2024-09-12 15:10:11,154 - root - INFO - Dataframe info: None
2024-09-12 15:10:11,183 - root - INFO - Dataframe describe:        PassengerId    Survived      Pclass         Age       SibSp  \
count   891.000000  891.000000  891.000000  714.000000  891.000000   
mean    446.000000    0.383838    2.308642   29.699118    0.523008   
std     257.353842    0.486592    0.836071   14.526497    1.102743   
min       1.000000    0.000000    1.000000    0.420000    0.000000   
25%     223.500000    0.000000    2.000000   20.125000    0.000000   
50%     446.000000    0.000000    3.000000   28.000000    0.000000   
75%     668.500000    1.000000    3.000000   38.000000    1.000000   
max     891.000000    1.000000    3.000000   80.000000    8.000000   

            Parch        Fare  
count  891.000000  891.000000  
mean     0.381594   32.204208  
std      0.806057   49.693429  
min      0.000000    0.000000  
25%      0.000000    7.910400  
50%      0.000000   14.454200  
75%      0.000000   31.000000  
max      6.000000  512.329200  
2024-09-12 15:10:11,189 - root - INFO - Dataframe head:    PassengerId  Survived  Pclass  \
0            1         0       3   
1            2         1       1   
2            3         1       3   
3            4         1       1   
4            5         0       3   

                                                Name     Sex   Age  SibSp  \
0                            Braund, Mr. Owen Harris    male  22.0      1   
1  Cumings, Mrs. John Bradley (Florence Briggs Th...  female  38.0      1   
2                             Heikkinen, Miss. Laina  female  26.0      0   
3       Futrelle, Mrs. Jacques Heath (Lily May Peel)  female  35.0      1   
4                           Allen, Mr. William Henry    male  35.0      0   

   Parch            Ticket     Fare Cabin Embarked  
0      0         A/5 21171   7.2500   NaN        S  
1      0          PC 17599  71.2833   C85        C  
2      0  STON/O2. 3101282   7.9250   NaN        S  
3      0            113803  53.1000  C123        S  
4      0            373450   8.0500   NaN        S  
2024-09-12 15:10:11,194 - root - INFO - Dataframe tail:      PassengerId  Survived  Pclass                                      Name  \
886          887         0       2                     Montvila, Rev. Juozas   
887          888         1       1              Graham, Miss. Margaret Edith   
888          889         0       3  Johnston, Miss. Catherine Helen "Carrie"   
889          890         1       1                     Behr, Mr. Karl Howell   
890          891         0       3                       Dooley, Mr. Patrick   

        Sex   Age  SibSp  Parch      Ticket   Fare Cabin Embarked  
886    male  27.0      0      0      211536  13.00   NaN        S  
887  female  19.0      0      0      112053  30.00   B42        S  
888  female   NaN      1      2  W./C. 6607  23.45   NaN        S  
889    male  26.0      0      0      111369  30.00  C148        C  
890    male  32.0      0      0      370376   7.75   NaN        Q  
2024-09-12 15:10:11,195 - root - INFO - Dataframe null values: PassengerId      0
Survived         0
Pclass           0
Name             0
Sex              0
Age            177
SibSp            0
Parch            0
Ticket           0
Fare             0
Cabin          687
Embarked         2
dtype: int64
2024-09-12 15:10:11,198 - root - INFO - Dataframe duplicated values: 0
2024-09-12 15:54:34,809 - root - INFO - Dataframe shape: (891, 12)
2024-09-12 15:54:34,818 - root - INFO - Dataframe shape: (891, 12)
2024-09-12 15:54:34,819 - root - INFO - Dataframe columns: Index(['PassengerId', 'Survived', 'Pclass', 'Name', 'Sex', 'Age', 'SibSp',
       'Parch', 'Ticket', 'Fare', 'Cabin', 'Embarked'],
      dtype='object')
2024-09-12 15:54:34,830 - root - INFO - Dataframe info: None
2024-09-12 15:54:34,857 - root - INFO - Dataframe describe:        PassengerId    Survived      Pclass         Age       SibSp  \
count   891.000000  891.000000  891.000000  714.000000  891.000000   
mean    446.000000    0.383838    2.308642   29.699118    0.523008   
std     257.353842    0.486592    0.836071   14.526497    1.102743   
min       1.000000    0.000000    1.000000    0.420000    0.000000   
25%     223.500000    0.000000    2.000000   20.125000    0.000000   
50%     446.000000    0.000000    3.000000   28.000000    0.000000   
75%     668.500000    1.000000    3.000000   38.000000    1.000000   
max     891.000000    1.000000    3.000000   80.000000    8.000000   

            Parch        Fare  
count  891.000000  891.000000  
mean     0.381594   32.204208  
std      0.806057   49.693429  
min      0.000000    0.000000  
25%      0.000000    7.910400  
50%      0.000000   14.454200  
75%      0.000000   31.000000  
max      6.000000  512.329200  
2024-09-12 15:54:34,862 - root - INFO - Dataframe head:    PassengerId  Survived  Pclass  \
0            1         0       3   
1            2         1       1   
2            3         1       3   
3            4         1       1   
4            5         0       3   

                                                Name     Sex   Age  SibSp  \
0                            Braund, Mr. Owen Harris    male  22.0      1   
1  Cumings, Mrs. John Bradley (Florence Briggs Th...  female  38.0      1   
2                             Heikkinen, Miss. Laina  female  26.0      0   
3       Futrelle, Mrs. Jacques Heath (Lily May Peel)  female  35.0      1   
4                           Allen, Mr. William Henry    male  35.0      0   

   Parch            Ticket     Fare Cabin Embarked  
0      0         A/5 21171   7.2500   NaN        S  
1      0          PC 17599  71.2833   C85        C  
2      0  STON/O2. 3101282   7.9250   NaN        S  
3      0            113803  53.1000  C123        S  
4      0            373450   8.0500   NaN        S  
2024-09-12 15:54:34,868 - root - INFO - Dataframe tail:      PassengerId  Survived  Pclass                                      Name  \
886          887         0       2                     Montvila, Rev. Juozas   
887          888         1       1              Graham, Miss. Margaret Edith   
888          889         0       3  Johnston, Miss. Catherine Helen "Carrie"   
889          890         1       1                     Behr, Mr. Karl Howell   
890          891         0       3                       Dooley, Mr. Patrick   

        Sex   Age  SibSp  Parch      Ticket   Fare Cabin Embarked  
886    male  27.0      0      0      211536  13.00   NaN        S  
887  female  19.0      0      0      112053  30.00   B42        S  
888  female   NaN      1      2  W./C. 6607  23.45   NaN        S  
889    male  26.0      0      0      111369  30.00  C148        C  
890    male  32.0      0      0      370376   7.75   NaN        Q  
2024-09-12 15:54:34,870 - root - INFO - Dataframe null values: PassengerId      0
Survived         0
Pclass           0
Name             0
Sex              0
Age            177
SibSp            0
Parch            0
Ticket           0
Fare             0
Cabin          687
Embarked         2
dtype: int64
2024-09-12 15:54:34,872 - root - INFO - Dataframe duplicated values: 0
2024-09-12 15:57:41,436 - root - INFO - Dataframe shape: (891, 12)
2024-09-12 15:57:41,452 - root - INFO - Dataframe shape: (891, 12)
2024-09-12 15:57:41,456 - root - INFO - Dataframe columns: Index(['PassengerId', 'Survived', 'Pclass', 'Name', 'Sex', 'Age', 'SibSp',
       'Parch', 'Ticket', 'Fare', 'Cabin', 'Embarked'],
      dtype='object')
2024-09-12 15:57:41,471 - root - INFO - Dataframe info: None
2024-09-12 15:57:41,494 - root - INFO - Dataframe describe:        PassengerId    Survived      Pclass         Age       SibSp  \
count   891.000000  891.000000  891.000000  714.000000  891.000000   
mean    446.000000    0.383838    2.308642   29.699118    0.523008   
std     257.353842    0.486592    0.836071   14.526497    1.102743   
min       1.000000    0.000000    1.000000    0.420000    0.000000   
25%     223.500000    0.000000    2.000000   20.125000    0.000000   
50%     446.000000    0.000000    3.000000   28.000000    0.000000   
75%     668.500000    1.000000    3.000000   38.000000    1.000000   
max     891.000000    1.000000    3.000000   80.000000    8.000000   

            Parch        Fare  
count  891.000000  891.000000  
mean     0.381594   32.204208  
std      0.806057   49.693429  
min      0.000000    0.000000  
25%      0.000000    7.910400  
50%      0.000000   14.454200  
75%      0.000000   31.000000  
max      6.000000  512.329200  
2024-09-12 15:57:41,499 - root - INFO - Dataframe head:    PassengerId  Survived  Pclass  \
0            1         0       3   
1            2         1       1   
2            3         1       3   
3            4         1       1   
4            5         0       3   

                                                Name     Sex   Age  SibSp  \
0                            Braund, Mr. Owen Harris    male  22.0      1   
1  Cumings, Mrs. John Bradley (Florence Briggs Th...  female  38.0      1   
2                             Heikkinen, Miss. Laina  female  26.0      0   
3       Futrelle, Mrs. Jacques Heath (Lily May Peel)  female  35.0      1   
4                           Allen, Mr. William Henry    male  35.0      0   

   Parch            Ticket     Fare Cabin Embarked  
0      0         A/5 21171   7.2500   NaN        S  
1      0          PC 17599  71.2833   C85        C  
2      0  STON/O2. 3101282   7.9250   NaN        S  
3      0            113803  53.1000  C123        S  
4      0            373450   8.0500   NaN        S  
2024-09-12 15:57:41,505 - root - INFO - Dataframe tail:      PassengerId  Survived  Pclass                                      Name  \
886          887         0       2                     Montvila, Rev. Juozas   
887          888         1       1              Graham, Miss. Margaret Edith   
888          889         0       3  Johnston, Miss. Catherine Helen "Carrie"   
889          890         1       1                     Behr, Mr. Karl Howell   
890          891         0       3                       Dooley, Mr. Patrick   

        Sex   Age  SibSp  Parch      Ticket   Fare Cabin Embarked  
886    male  27.0      0      0      211536  13.00   NaN        S  
887  female  19.0      0      0      112053  30.00   B42        S  
888  female   NaN      1      2  W./C. 6607  23.45   NaN        S  
889    male  26.0      0      0      111369  30.00  C148        C  
890    male  32.0      0      0      370376   7.75   NaN        Q  
2024-09-12 15:57:41,507 - root - INFO - Dataframe null values: PassengerId      0
Survived         0
Pclass           0
Name             0
Sex              0
Age            177
SibSp            0
Parch            0
Ticket           0
Fare             0
Cabin          687
Embarked         2
dtype: int64
2024-09-12 15:57:41,511 - root - INFO - Dataframe duplicated values: 0
2024-09-12 16:24:45,029 - root - INFO - Dataframe shape: (891, 12)
2024-09-12 16:24:45,041 - root - INFO - Dataframe shape: (891, 12)
2024-09-12 16:24:45,042 - root - INFO - Dataframe columns: Index(['PassengerId', 'Survived', 'Pclass', 'Name', 'Sex', 'Age', 'SibSp',
       'Parch', 'Ticket', 'Fare', 'Cabin', 'Embarked'],
      dtype='object')
2024-09-12 16:24:45,058 - root - INFO - Dataframe info: None
2024-09-12 16:24:45,095 - root - INFO - Dataframe describe:        PassengerId    Survived      Pclass         Age       SibSp  \
count   891.000000  891.000000  891.000000  714.000000  891.000000   
mean    446.000000    0.383838    2.308642   29.699118    0.523008   
std     257.353842    0.486592    0.836071   14.526497    1.102743   
min       1.000000    0.000000    1.000000    0.420000    0.000000   
25%     223.500000    0.000000    2.000000   20.125000    0.000000   
50%     446.000000    0.000000    3.000000   28.000000    0.000000   
75%     668.500000    1.000000    3.000000   38.000000    1.000000   
max     891.000000    1.000000    3.000000   80.000000    8.000000   

            Parch        Fare  
count  891.000000  891.000000  
mean     0.381594   32.204208  
std      0.806057   49.693429  
min      0.000000    0.000000  
25%      0.000000    7.910400  
50%      0.000000   14.454200  
75%      0.000000   31.000000  
max      6.000000  512.329200  
2024-09-12 16:24:45,108 - root - INFO - Dataframe head:    PassengerId  Survived  Pclass  \
0            1         0       3   
1            2         1       1   
2            3         1       3   
3            4         1       1   
4            5         0       3   

                                                Name     Sex   Age  SibSp  \
0                            Braund, Mr. Owen Harris    male  22.0      1   
1  Cumings, Mrs. John Bradley (Florence Briggs Th...  female  38.0      1   
2                             Heikkinen, Miss. Laina  female  26.0      0   
3       Futrelle, Mrs. Jacques Heath (Lily May Peel)  female  35.0      1   
4                           Allen, Mr. William Henry    male  35.0      0   

   Parch            Ticket     Fare Cabin Embarked  
0      0         A/5 21171   7.2500   NaN        S  
1      0          PC 17599  71.2833   C85        C  
2      0  STON/O2. 3101282   7.9250   NaN        S  
3      0            113803  53.1000  C123        S  
4      0            373450   8.0500   NaN        S  
2024-09-12 16:24:45,122 - root - INFO - Dataframe tail:      PassengerId  Survived  Pclass                                      Name  \
886          887         0       2                     Montvila, Rev. Juozas   
887          888         1       1              Graham, Miss. Margaret Edith   
888          889         0       3  Johnston, Miss. Catherine Helen "Carrie"   
889          890         1       1                     Behr, Mr. Karl Howell   
890          891         0       3                       Dooley, Mr. Patrick   

        Sex   Age  SibSp  Parch      Ticket   Fare Cabin Embarked  
886    male  27.0      0      0      211536  13.00   NaN        S  
887  female  19.0      0      0      112053  30.00   B42        S  
888  female   NaN      1      2  W./C. 6607  23.45   NaN        S  
889    male  26.0      0      0      111369  30.00  C148        C  
890    male  32.0      0      0      370376   7.75   NaN        Q  
2024-09-12 16:24:45,124 - root - INFO - Dataframe null values: PassengerId      0
Survived         0
Pclass           0
Name             0
Sex              0
Age            177
SibSp            0
Parch            0
Ticket           0
Fare             0
Cabin          687
Embarked         2
dtype: int64
2024-09-12 16:24:45,130 - root - INFO - Dataframe duplicated values: 0
2024-09-12 16:25:20,187 - root - INFO - Dataframe shape: (891, 12)
2024-09-12 16:25:20,200 - root - INFO - Dataframe shape: (891, 12)
2024-09-12 16:25:20,201 - root - INFO - Dataframe columns: Index(['PassengerId', 'Survived', 'Pclass', 'Name', 'Sex', 'Age', 'SibSp',
       'Parch', 'Ticket', 'Fare', 'Cabin', 'Embarked'],
      dtype='object')
2024-09-12 16:25:20,219 - root - INFO - Dataframe info: None
2024-09-12 16:25:20,245 - root - INFO - Dataframe describe:        PassengerId    Survived      Pclass         Age       SibSp  \
count   891.000000  891.000000  891.000000  714.000000  891.000000   
mean    446.000000    0.383838    2.308642   29.699118    0.523008   
std     257.353842    0.486592    0.836071   14.526497    1.102743   
min       1.000000    0.000000    1.000000    0.420000    0.000000   
25%     223.500000    0.000000    2.000000   20.125000    0.000000   
50%     446.000000    0.000000    3.000000   28.000000    0.000000   
75%     668.500000    1.000000    3.000000   38.000000    1.000000   
max     891.000000    1.000000    3.000000   80.000000    8.000000   

            Parch        Fare  
count  891.000000  891.000000  
mean     0.381594   32.204208  
std      0.806057   49.693429  
min      0.000000    0.000000  
25%      0.000000    7.910400  
50%      0.000000   14.454200  
75%      0.000000   31.000000  
max      6.000000  512.329200  
2024-09-12 16:25:20,250 - root - INFO - Dataframe head:    PassengerId  Survived  Pclass  \
0            1         0       3   
1            2         1       1   
2            3         1       3   
3            4         1       1   
4            5         0       3   

                                                Name     Sex   Age  SibSp  \
0                            Braund, Mr. Owen Harris    male  22.0      1   
1  Cumings, Mrs. John Bradley (Florence Briggs Th...  female  38.0      1   
2                             Heikkinen, Miss. Laina  female  26.0      0   
3       Futrelle, Mrs. Jacques Heath (Lily May Peel)  female  35.0      1   
4                           Allen, Mr. William Henry    male  35.0      0   

   Parch            Ticket     Fare Cabin Embarked  
0      0         A/5 21171   7.2500   NaN        S  
1      0          PC 17599  71.2833   C85        C  
2      0  STON/O2. 3101282   7.9250   NaN        S  
3      0            113803  53.1000  C123        S  
4      0            373450   8.0500   NaN        S  
2024-09-12 16:25:20,256 - root - INFO - Dataframe tail:      PassengerId  Survived  Pclass                                      Name  \
886          887         0       2                     Montvila, Rev. Juozas   
887          888         1       1              Graham, Miss. Margaret Edith   
888          889         0       3  Johnston, Miss. Catherine Helen "Carrie"   
889          890         1       1                     Behr, Mr. Karl Howell   
890          891         0       3                       Dooley, Mr. Patrick   

        Sex   Age  SibSp  Parch      Ticket   Fare Cabin Embarked  
886    male  27.0      0      0      211536  13.00   NaN        S  
887  female  19.0      0      0      112053  30.00   B42        S  
888  female   NaN      1      2  W./C. 6607  23.45   NaN        S  
889    male  26.0      0      0      111369  30.00  C148        C  
890    male  32.0      0      0      370376   7.75   NaN        Q  
2024-09-12 16:25:20,260 - root - INFO - Dataframe null values: PassengerId      0
Survived         0
Pclass           0
Name             0
Sex              0
Age            177
SibSp            0
Parch            0
Ticket           0
Fare             0
Cabin          687
Embarked         2
dtype: int64
2024-09-12 16:25:20,266 - root - INFO - Dataframe duplicated values: 0
